0 info it worked if it ends with ok
1 verbose cli [ '/usr/bin/nodejs', '/usr/bin/npm', 'install', '-g', 'bower' ]
2 info using npm@3.5.2
3 info using node@v4.2.6
4 silly loadCurrentTree Starting
5 silly install loadCurrentTree
6 silly install readGlobalPackageData
7 silly fetchPackageMetaData bower
8 silly fetchNamedPackageData bower
9 silly mapToRegistry name bower
10 silly mapToRegistry using default registry
11 silly mapToRegistry registry https://registry.npmjs.org/
12 silly mapToRegistry uri https://registry.npmjs.org/bower
13 verbose request uri https://registry.npmjs.org/bower
14 verbose request no auth needed
15 info attempt registry request try #1 at 11:04:59
16 verbose request id f538a78f3e2b4b9b
17 http request GET https://registry.npmjs.org/bower
18 http 200 https://registry.npmjs.org/bower
19 verbose headers { server: 'nginx/1.10.1',
19 verbose headers   'content-type': 'application/json',
19 verbose headers   'last-modified': 'Tue, 04 Jul 2017 13:27:03 GMT',
19 verbose headers   etag: 'W/"595b97a7-31f95"',
19 verbose headers   'content-encoding': 'gzip',
19 verbose headers   'cache-control': 'max-age=300',
19 verbose headers   'content-length': '17306',
19 verbose headers   'accept-ranges': 'bytes',
19 verbose headers   date: 'Thu, 06 Jul 2017 09:04:59 GMT',
19 verbose headers   via: '1.1 varnish',
19 verbose headers   age: '156',
19 verbose headers   connection: 'keep-alive',
19 verbose headers   'x-served-by': 'cache-cdg8735-CDG',
19 verbose headers   'x-cache': 'HIT',
19 verbose headers   'x-cache-hits': '411',
19 verbose headers   'x-timer': 'S1499331900.848545,VS0,VE0',
19 verbose headers   vary: 'Accept-Encoding' }
20 silly get cb [ 200,
20 silly get   { server: 'nginx/1.10.1',
20 silly get     'content-type': 'application/json',
20 silly get     'last-modified': 'Tue, 04 Jul 2017 13:27:03 GMT',
20 silly get     etag: 'W/"595b97a7-31f95"',
20 silly get     'content-encoding': 'gzip',
20 silly get     'cache-control': 'max-age=300',
20 silly get     'content-length': '17306',
20 silly get     'accept-ranges': 'bytes',
20 silly get     date: 'Thu, 06 Jul 2017 09:04:59 GMT',
20 silly get     via: '1.1 varnish',
20 silly get     age: '156',
20 silly get     connection: 'keep-alive',
20 silly get     'x-served-by': 'cache-cdg8735-CDG',
20 silly get     'x-cache': 'HIT',
20 silly get     'x-cache-hits': '411',
20 silly get     'x-timer': 'S1499331900.848545,VS0,VE0',
20 silly get     vary: 'Accept-Encoding' } ]
21 verbose get saving bower to /home/nicolas/.npm/registry.npmjs.org/bower/.cache.json
22 verbose makeDirectory /home/nicolas/.npm creation not in flight; initializing
23 silly makeDirectory /home/nicolas/.npm uid: 1000 gid: 1000
24 silly install normalizeTree
25 silly loadCurrentTree Finishing
26 silly loadIdealTree Starting
27 silly install loadIdealTree
28 silly cloneCurrentTree Starting
29 silly install cloneCurrentTreeToIdealTree
30 silly cloneCurrentTree Finishing
31 silly loadShrinkwrap Starting
32 silly install loadShrinkwrap
33 silly loadShrinkwrap Finishing
34 silly loadAllDepsIntoIdealTree Starting
35 silly install loadAllDepsIntoIdealTree
36 silly resolveWithNewModule bower@1.8.0 checking installable status
37 silly cache add args [ 'bower', null ]
38 verbose cache add spec bower
39 silly cache add parsed spec Result {
39 silly cache add   raw: 'bower',
39 silly cache add   scope: null,
39 silly cache add   name: 'bower',
39 silly cache add   rawSpec: '',
39 silly cache add   spec: 'latest',
39 silly cache add   type: 'tag' }
40 silly addNamed bower@latest
41 verbose addNamed "latest" is being treated as a dist-tag for bower
42 info addNameTag [ 'bower', 'latest' ]
43 silly mapToRegistry name bower
44 silly mapToRegistry using default registry
45 silly mapToRegistry registry https://registry.npmjs.org/
46 silly mapToRegistry uri https://registry.npmjs.org/bower
47 verbose addNameTag registry:https://registry.npmjs.org/bower not in flight; fetching
48 verbose get https://registry.npmjs.org/bower not expired, no request
49 silly addNameTag next cb for bower with tag latest
50 silly addNamed bower@1.8.0
51 verbose addNamed "1.8.0" is a plain semver version for bower
52 warn deprecated bower@1.8.0: ..psst! While Bower is maintained, we recommend Yarn and Webpack for *new* front-end projects! Yarn's advantage is security and reliability, and Webpack's is support for both CommonJS and AMD projects. Currently there's no migration path, but please help to create it: https://github.com/bower/bower/issues/2467
53 silly mapToRegistry name bower
54 silly mapToRegistry using default registry
55 silly mapToRegistry registry https://registry.npmjs.org/
56 silly mapToRegistry uri https://registry.npmjs.org/bower
57 verbose addRemoteTarball https://registry.npmjs.org/bower/-/bower-1.8.0.tgz not in flight; adding
58 verbose addRemoteTarball [ 'https://registry.npmjs.org/bower/-/bower-1.8.0.tgz',
58 verbose addRemoteTarball   '55dbebef0ad9155382d9e9d3e497c1372345b44a' ]
59 info retry fetch attempt 1 at 11:04:59
60 info attempt registry request try #1 at 11:04:59
61 http fetch GET https://registry.npmjs.org/bower/-/bower-1.8.0.tgz
62 http fetch 200 https://registry.npmjs.org/bower/-/bower-1.8.0.tgz
63 silly fetchAndShaCheck shasum 55dbebef0ad9155382d9e9d3e497c1372345b44a
64 verbose addTmpTarball /tmp/npm-18518-eff3e85d/registry.npmjs.org/bower/-/bower-1.8.0.tgz not in flight; adding
65 verbose addTmpTarball already have metadata; skipping unpack for bower@1.8.0
66 silly cache afterAdd bower@1.8.0
67 verbose afterAdd /home/nicolas/.npm/bower/1.8.0/package/package.json not in flight; writing
68 verbose afterAdd /home/nicolas/.npm/bower/1.8.0/package/package.json written
69 silly loadAllDepsIntoIdealTree Finishing
70 silly idealTree:prePrune lib
70 silly idealTree:prePrune └── bower@1.8.0
71 silly loadIdealTree Finishing
72 silly currentTree lib
73 silly idealTree lib
73 silly idealTree └── bower@1.8.0
74 silly generateActionsToTake Starting
75 silly install generateActionsToTake
76 warn checkPermissions Missing write access to /usr/local/lib
77 silly rollbackFailedOptional Starting
78 silly rollbackFailedOptional Finishing
79 silly runTopLevelLifecycles Starting
80 silly runTopLevelLifecycles Finishing
81 silly install printInstalled
82 verbose stack Error: EACCES: permission denied, access '/usr/local/lib'
82 verbose stack     at Error (native)
83 verbose cwd /home/nicolas/LABS/module_entretient/test_prestashop1.6/docker/prestashop
84 error Linux 4.4.0-53-generic
85 error argv "/usr/bin/nodejs" "/usr/bin/npm" "install" "-g" "bower"
86 error node v4.2.6
87 error npm  v3.5.2
88 error path /usr/local/lib
89 error code EACCES
90 error errno -13
91 error syscall access
92 error Error: EACCES: permission denied, access '/usr/local/lib'
92 error     at Error (native)
92 error  { [Error: EACCES: permission denied, access '/usr/local/lib']
92 error   errno: -13,
92 error   code: 'EACCES',
92 error   syscall: 'access',
92 error   path: '/usr/local/lib' }
93 error Please try running this command again as root/Administrator.
94 verbose exit [ -13, true ]
